0 info it worked if it ends with ok
1 verbose cli [ '/usr/local/bin/node', '/usr/local/bin/npm', 'publish' ]
2 info using npm@2.14.12
3 info using node@v4.3.1
4 verbose publish [ '.' ]
5 silly cache add args [ '.', null ]
6 verbose cache add spec .
7 silly cache add parsed spec Result {
7 silly cache add   raw: '.',
7 silly cache add   scope: null,
7 silly cache add   name: null,
7 silly cache add   rawSpec: '.',
7 silly cache add   spec: '/Users/harms/Documents/GitHub/combo-js',
7 silly cache add   type: 'directory' }
8 verbose addLocalDirectory /Users/harms/.npm/combo-js/3.0.2/package.tgz not in flight; packing
9 verbose tar pack [ '/Users/harms/.npm/combo-js/3.0.2/package.tgz',
9 verbose tar pack   '/Users/harms/Documents/GitHub/combo-js' ]
10 verbose tarball /Users/harms/.npm/combo-js/3.0.2/package.tgz
11 verbose folder /Users/harms/Documents/GitHub/combo-js
12 info prepublish combo-js@3.0.2
13 verbose addLocalTarball adding from inside cache /Users/harms/.npm/combo-js/3.0.2/package.tgz
14 silly cache afterAdd combo-js@3.0.2
15 verbose afterAdd /Users/harms/.npm/combo-js/3.0.2/package/package.json not in flight; writing
16 verbose afterAdd /Users/harms/.npm/combo-js/3.0.2/package/package.json written
17 silly publish { name: 'combo-js',
17 silly publish   version: '3.0.2',
17 silly publish   description: 'A mean component-based user interface library.',
17 silly publish   main: 'dist/combo.js',
17 silly publish   scripts:
17 silly publish    { build: 'webpack',
17 silly publish      doc: 'documentation build src/combo.js -f md -o doc/api.md' },
17 silly publish   author: { name: 'Eric Harms' },
17 silly publish   license: 'MIT',
17 silly publish   devDependencies:
17 silly publish    { 'babel-core': '^6.26.0',
17 silly publish      'babel-loader': '^7.1.2',
17 silly publish      'babel-minify-webpack-plugin': '^0.2.0',
17 silly publish      'babel-preset-es2015': '^6.24.1',
17 silly publish      documentation: '^5.3.5',
17 silly publish      eslint: '^4.15.0',
17 silly publish      'eslint-loader': '^1.9.0',
17 silly publish      'string-replace-loader': '^1.3.0',
17 silly publish      webpack: '^3.10.0' },
17 silly publish   dependencies: {},
17 silly publish   readme: '# Combo\n\n[![npm version](https://badge.fury.io/js/combo-js.svg)](https://badge.fury.io/js/combo-js)\n[![Code Climate](https://codeclimate.com/github/combojs/combo-js/badges/gpa.svg)](https://codeclimate.com/github/combojs/combo-js)\n[![license](https://img.shields.io/github/license/mashape/apistatus.svg)](https://opensource.org/licenses/MIT)\n[![Gitter](https://img.shields.io/gitter/room/nwjs/nw.js.svg)](https://gitter.im/combo-js/)\n\nA mean component-based user interface library.\n\n## Documentation\n\n* [Website](http://www.combojs.com/)\n* [API Reference](https://github.com/combojs/combo-js/blob/master/doc/api.md)\n* [Frequently Asked Questions](https://github.com/combojs/combo-js/blob/master/doc/faq.md)\n* [Examples](https://github.com/combojs/combo-examples/)\n* [Boilerplate/Seed](https://github.com/combojs/combo-seed)\n\n## Quick Example\n\nMore examples can be found [here](https://github.com/combojs/combo-examples/).\n\n\tvar List = new class extends Combo.Component {\n\t  _items() {\n\t    return this.data.items.map((item) => {\n\t      return `\n\t        <li>${item}</li>\n\t      `;\n\t    }).join("");\n\t  }\n\t  render() {\n\t    return `\n\t      <ul>\n\t        ${this._items()}\n\t      </ul>\n\t    `;\n\t  }\n\t}();\n\n\tList.mount(document.getElementById("root"), {\n\t  items: [\n\t    "Apple",\n\t    "Orange",\n\t    "Banana"\n\t  ]\n\t});\n\n## Contributing\n\nSee [CONTRIBUTING.md](CONTRIBUTING.md)\n\n',
17 silly publish   readmeFilename: 'README.md',
17 silly publish   gitHead: '49686ceb03ee6e89dc72b473c531b44c03f3fd34',
17 silly publish   _id: 'combo-js@3.0.2',
17 silly publish   _shasum: '2a703747452a04125a38e0deaa9e64b7d183a5a4',
17 silly publish   _from: '.' }
18 verbose getPublishConfig undefined
19 silly mapToRegistry name combo-js
20 silly mapToRegistry using default registry
21 silly mapToRegistry registry https://registry.npmjs.org/
22 silly mapToRegistry uri https://registry.npmjs.org/combo-js
23 verbose publish registryBase https://registry.npmjs.org/
24 silly publish uploading /Users/harms/.npm/combo-js/3.0.2/package.tgz
25 verbose request uri https://registry.npmjs.org/combo-js
26 verbose request sending authorization for write operation
27 info attempt registry request try #1 at 9:52:52 PM
28 verbose request using bearer token for auth
29 verbose request id 2913fcf311f0d0bd
30 http request PUT https://registry.npmjs.org/combo-js
31 http 403 https://registry.npmjs.org/combo-js
32 verbose headers { 'content-type': 'application/json',
32 verbose headers   'cache-control': 'max-age=300',
32 verbose headers   'content-length': '91',
32 verbose headers   'accept-ranges': 'bytes',
32 verbose headers   date: 'Wed, 31 Jan 2018 03:52:54 GMT',
32 verbose headers   via: '1.1 varnish',
32 verbose headers   connection: 'keep-alive',
32 verbose headers   'x-served-by': 'cache-mdw17346-MDW',
32 verbose headers   'x-cache': 'MISS',
32 verbose headers   'x-cache-hits': '0',
32 verbose headers   'x-timer': 'S1517370773.233422,VS0,VE1388',
32 verbose headers   vary: 'Accept-Encoding, Accept' }
33 verbose request invalidating /Users/harms/.npm/registry.npmjs.org/combo-js on PUT
34 error publish Failed PUT 403
35 verbose stack Error: You cannot publish over the previously published version 3.0.2. : combo-js
35 verbose stack     at makeError (/usr/local/lib/node_modules/npm/node_modules/npm-registry-client/lib/request.js:264:12)
35 verbose stack     at CachingRegistryClient.<anonymous> (/usr/local/lib/node_modules/npm/node_modules/npm-registry-client/lib/request.js:252:14)
35 verbose stack     at Request._callback (/usr/local/lib/node_modules/npm/node_modules/npm-registry-client/lib/request.js:172:14)
35 verbose stack     at Request.self.callback (/usr/local/lib/node_modules/npm/node_modules/request/request.js:198:22)
35 verbose stack     at emitTwo (events.js:87:13)
35 verbose stack     at Request.emit (events.js:172:7)
35 verbose stack     at Request.<anonymous> (/usr/local/lib/node_modules/npm/node_modules/request/request.js:1082:10)
35 verbose stack     at emitOne (events.js:82:20)
35 verbose stack     at Request.emit (events.js:169:7)
35 verbose stack     at IncomingMessage.<anonymous> (/usr/local/lib/node_modules/npm/node_modules/request/request.js:1009:12)
36 verbose statusCode 403
37 verbose pkgid combo-js
38 verbose cwd /Users/harms/Documents/GitHub/combo-js
39 error Darwin 16.7.0
40 error argv "/usr/local/bin/node" "/usr/local/bin/npm" "publish"
41 error node v4.3.1
42 error npm  v2.14.12
43 error code E403
44 error You cannot publish over the previously published version 3.0.2. : combo-js
45 error If you need help, you may report this error at:
45 error     <https://github.com/npm/npm/issues>
46 verbose exit [ 1, true ]
